[debug] [2020-02-12T03:38:51.590Z] ----------------------------------------------------------------------
[debug] [2020-02-12T03:38:51.592Z] Command:       /usr/local/bin/node /usr/local/bin/firebase emulators:exec --only firestore npm start
[debug] [2020-02-12T03:38:51.592Z] CLI Version:   7.12.1
[debug] [2020-02-12T03:38:51.592Z] Platform:      darwin
[debug] [2020-02-12T03:38:51.592Z] Node Version:  v13.6.0
[debug] [2020-02-12T03:38:51.593Z] Time:          Tue Feb 11 2020 19:38:51 GMT-0800 (Pacific Standard Time)
[debug] [2020-02-12T03:38:51.593Z] ----------------------------------------------------------------------
[debug] [2020-02-12T03:38:51.593Z] 
[debug] [2020-02-12T03:38:51.607Z] > command requires scopes: ["email","openid","https://www.googleapis.com/auth/cloudplatformprojects.readonly","https://www.googleapis.com/auth/firebase","https://www.googleapis.com/auth/cloud-platform"]
[debug] [2020-02-12T03:38:51.607Z] > authorizing via signed-in user
[info] i  emulators: Starting emulators: firestore
[info] i  firestore: Serving ALL traffic (including WebChannel) on http://localhost:8080
[warn] ⚠  firestore: Support for WebChannel on a separate port (8081) is DEPRECATED and will go away soon. Please use port above instead.
[debug] [2020-02-12T03:38:51.643Z] Ignoring unsupported arg: projectId
[debug] [2020-02-12T03:38:51.643Z] Ignoring unsupported arg: auto_download
[debug] [2020-02-12T03:38:51.643Z] Starting emulator firestore with command {"binary":"java","args":["-Duser.language=en","-jar","/Users/perrenwright/.cache/firebase/emulators/cloud-firestore-emulator-v1.10.2.jar","--host","localhost","--port",8080,"--rules","/Users/perrenwright/Downloads/code-lab-master/firestore.rules","--webchannel_port",8081],"optionalArgs":["port","webchannel_port","host","rules","functions_emulator"],"joinArgs":false}
[info] i  firestore: Emulator logging to firestore-debug.log
[debug] [2020-02-12T03:38:53.157Z] API endpoint: http://
[debug] [2020-02-12T03:38:53.157Z] localhost:8080
If you are using a library that supports the FIRESTORE_EMULATOR_HOST environment variable, run:

   export FIRESTORE_EMULATOR_HOST=localhost:8080

Dev App Server is now running.


[info] ✔  firestore: Emulator started at http://localhost:8080
[info] i  firestore: For testing set FIRESTORE_EMULATOR_HOST=localhost:8080
[info] i  Running script: npm start
[debug] [2020-02-12T03:38:53.284Z] Running npm start with environment {"TERM_PROGRAM":"vscode","TERM":"xterm-256color","SHELL":"/bin/bash","TMPDIR":"/var/folders/70/rgqv2h1s7vl5kxpgzhjb0mn400q6p6/T/","TERM_PROGRAM_VERSION":"1.42.0","USER":"perrenwright","COMMAND_MODE":"unix2003","SSH_AUTH_SOCK":"/private/tmp/com.apple.launchd.kbyFQuEPns/Listeners","__CF_USER_TEXT_ENCODING":"0xB9AC6:0x0:0x0","SK_SIGNING_PLUGIN":"gnubbyagent","PATH":"/Library/Frameworks/Python.framework/Versions/3.8/bin:/usr/local/git/current/bin:/usr/local/bin:/usr/bin:/bin:/usr/local/sbin:/usr/sbin:/sbin:/Library/Frameworks/Python.framework/Versions/3.8/bin","PWD":"/Users/perrenwright/Downloads/code-lab-master","LANG":"en_US.UTF-8","XPC_FLAGS":"0x0","HISTCONTROL":"","XPC_SERVICE_NAME":"0","SHLVL":"2","HOME":"/Users/perrenwright","LOGNAME":"perrenwright","COLORTERM":"truecolor","_":"/usr/local/bin/firebase","GCLOUD_PROJECT":"sds-assignment-5","FIRESTORE_EMULATOR_HOST":"localhost:8080","FIREBASE_FIRESTORE_EMULATOR_ADDRESS":"localhost:8080"}
[debug] [2020-02-12T03:39:01.158Z] Feb 11, 2020 7:39:01 PM io.gapi.emulators.netty.HttpVersionRoutingHandler channelRead
INFO: Detected non-HTTP/2 connection.

[debug] [2020-02-12T03:39:01.306Z] Feb 11, 2020 7:39:01 PM com.google.cloud.datastore.emulator.impl.context.EmulatorAuthorization warnAboutSecuredJwt
WARNING: expected an unsecured JWT, the emulator does not validate JWTs and IS NOT SECURE

[debug] [2020-02-12T03:39:01.627Z] Feb 11, 2020 7:39:01 PM io.gapi.emulators.netty.HttpVersionRoutingHandler channelRead
INFO: Detected non-HTTP/2 connection.

[debug] [2020-02-12T03:39:01.649Z] Feb 11, 2020 7:39:01 PM io.gapi.emulators.netty.HttpVersionRoutingHandler channelRead
INFO: Detected non-HTTP/2 connection.

